Start testing: Sep 29 13:37 -03
----------------------------------------------------------
1/1 Testing: soma.positivos
1/1 Test: soma.positivos
Command: "/home/grillo/zenith/google-tests-github-actions/build/bin/testando" "--gtest_filter=soma.positivos" "--gtest_also_run_disabled_tests"
Directory: /home/grillo/zenith/google-tests-github-actions/build/test
"soma.positivos" start time: Sep 29 13:37 -03
Output:
----------------------------------------------------------
Running main() from /home/conan/w/BuildSingleReference/.conan/data/gtest/cci.20210126/_/_/build/e019a06362b932ca5d1b082b6c112aa150c88de4/source_subfolder/googletest/src/gtest_main.cc
Note: Google Test filter = soma.positivos
[==========] Running 1 test from 1 test suite.
[----------] Global test environment set-up.
[----------] 1 test from soma
[ RUN      ] soma.positivos
/home/grillo/zenith/google-tests-github-actions/test/test.cpp:8: Failure
Expected equality of these values:
  5
  soma(7, 2)
    Which is: 9
[  FAILED  ] soma.positivos (0 ms)
[----------] 1 test from soma (0 ms total)

[----------] Global test environment tear-down
[==========] 1 test from 1 test suite ran. (0 ms total)
[  PASSED  ] 0 tests.
[  FAILED  ] 1 test, listed below:
[  FAILED  ] soma.positivos

 1 FAILED TEST
<end of output>
Test time =   0.00 sec
----------------------------------------------------------
Test Failed.
"soma.positivos" end time: Sep 29 13:37 -03
"soma.positivos" time elapsed: 00:00:00
----------------------------------------------------------

End testing: Sep 29 13:37 -03
